# JRE version: Java(TM) SE Runtime Environment (8.0_131-b11) (build 1.8.0_131-b11)
# Java VM: Java HotSpot(TM) 64-Bit Server VM (25.131-b11 mixed mode windows-amd64 compressed oops)
Heap:
 PSYoungGen      total 95232K, used 47400K [0x00000000e0000000, 0x00000000e8600000, 0x0000000100000000)
  eden space 58880K, 22% used [0x00000000e0000000,0x00000000e0cf0ea8,0x00000000e3980000)
  from space 36352K, 93% used [0x00000000e3980000,0x00000000e5ad9328,0x00000000e5d00000)
  to   space 30720K, 0% used [0x00000000e5d00000,0x00000000e5d00000,0x00000000e7b00000)
 ParOldGen       total 103424K, used 70385K [0x00000000a0000000, 0x00000000a6500000, 0x00000000e0000000)
  object space 103424K, 68% used [0x00000000a0000000,0x00000000a44bc6d8,0x00000000a6500000)
 Metaspace       used 113795K, capacity 133087K, committed 133272K, reserved 1165312K
  class space    used 15568K, capacity 16692K, committed 16816K, reserved 1048576K
GC Heap History (10 events):
Event: 351.278 GC heap before
{Heap before GC invocations=79 (full 4):
 PSYoungGen      total 84480K, used 69425K [0x00000000e0000000, 0x00000000e6e80000, 0x0000000100000000)
  eden space 58880K, 100% used [0x00000000e0000000,0x00000000e3980000,0x00000000e3980000)
  from space 25600K, 41% used [0x00000000e5580000,0x00000000e5fcc408,0x00000000e6e80000)
  to   space 27136K, 0% used [0x00000000e3980000,0x00000000e3980000,0x00000000e5400000)
 ParOldGen       total 103424K, used 51058K [0x00000000a0000000, 0x00000000a6500000, 0x00000000e0000000)
  object space 103424K, 49% used [0x00000000a0000000,0x00000000a31dcb08,0x00000000a6500000)
 Metaspace       used 104293K, capacity 120629K, committed 120856K, reserved 1155072K
  class space    used 14131K, capacity 15062K, committed 15152K, reserved 1048576K
Event: 351.300 GC heap after
Heap after GC invocations=79 (full 4):
 PSYoungGen      total 86016K, used 26185K [0x00000000e0000000, 0x00000000e7b00000, 0x0000000100000000)
  eden space 58880K, 0% used [0x00000000e0000000,0x00000000e0000000,0x00000000e3980000)
  from space 27136K, 96% used [0x00000000e3980000,0x00000000e53127d0,0x00000000e5400000)
  to   space 30720K, 0% used [0x00000000e5d00000,0x00000000e5d00000,0x00000000e7b00000)
 ParOldGen       total 103424K, used 51082K [0x00000000a0000000, 0x00000000a6500000, 0x00000000e0000000)
  object space 103424K, 49% used [0x00000000a0000000,0x00000000a31e2b08,0x00000000a6500000)
 Metaspace       used 104293K, capacity 120629K, committed 120856K, reserved 1155072K
  class space    used 14131K, capacity 15062K, committed 15152K, reserved 1048576K
}
Event: 352.404 GC heap before
{Heap before GC invocations=80 (full 4):
 PSYoungGen      total 86016K, used 85065K [0x00000000e0000000, 0x00000000e7b00000, 0x0000000100000000)
  eden space 58880K, 100% used [0x00000000e0000000,0x00000000e3980000,0x00000000e3980000)
  from space 27136K, 96% used [0x00000000e3980000,0x00000000e53127d0,0x00000000e5400000)
  to   space 30720K, 0% used [0x00000000e5d00000,0x00000000e5d00000,0x00000000e7b00000)
 ParOldGen       total 103424K, used 51082K [0x00000000a0000000, 0x00000000a6500000, 0x00000000e0000000)
  object space 103424K, 49% used [0x00000000a0000000,0x00000000a31e2b08,0x00000000a6500000)
 Metaspace       used 105646K, capacity 122063K, committed 122264K, reserved 1157120K
  class space    used 14214K, capacity 15169K, committed 15280K, reserved 1048576K
Event: 352.437 GC heap after
Heap after GC invocations=80 (full 4):
 PSYoungGen      total 89600K, used 30703K [0x00000000e0000000, 0x00000000e8600000, 0x0000000100000000)
  eden space 58880K, 0% used [0x00000000e0000000,0x00000000e0000000,0x00000000e3980000)
  from space 30720K, 99% used [0x00000000e5d00000,0x00000000e7afbfd0,0x00000000e7b00000)
  to   space 36352K, 0% used [0x00000000e3980000,0x00000000e3980000,0x00000000e5d00000)
 ParOldGen       total 103424K, used 53808K [0x00000000a0000000, 0x00000000a6500000, 0x00000000e0000000)
  object space 103424K, 52% used [0x00000000a0000000,0x00000000a348c210,0x00000000a6500000)
 Metaspace       used 105646K, capacity 122063K, committed 122264K, reserved 1157120K
  class space    used 14214K, capacity 15169K, committed 15280K, reserved 1048576K
}
Event: 353.352 GC heap before
{Heap before GC invocations=81 (full 4):
 PSYoungGen      total 89600K, used 89583K [0x00000000e0000000, 0x00000000e8600000, 0x0000000100000000)
  eden space 58880K, 100% used [0x00000000e0000000,0x00000000e3980000,0x00000000e3980000)
  from space 30720K, 99% used [0x00000000e5d00000,0x00000000e7afbfd0,0x00000000e7b00000)
  to   space 36352K, 0% used [0x00000000e3980000,0x00000000e3980000,0x00000000e5d00000)
 ParOldGen       total 103424K, used 53808K [0x00000000a0000000, 0x00000000a6500000, 0x00000000e0000000)
  object space 103424K, 52% used [0x00000000a0000000,0x00000000a348c210,0x00000000a6500000)
 Metaspace       used 108196K, capacity 126573K, committed 126744K, reserved 1161216K
  class space    used 14765K, capacity 15872K, committed 15920K, reserved 1048576K
Event: 353.390 GC heap after
Heap after GC invocations=81 (full 4):
 PSYoungGen      total 95232K, used 36326K [0x00000000e0000000, 0x00000000e8600000, 0x0000000100000000)
  eden space 58880K, 0% used [0x00000000e0000000,0x00000000e0000000,0x00000000e3980000)
  from space 36352K, 99% used [0x00000000e3980000,0x00000000e5cf9a00,0x00000000e5d00000)
  to   space 30720K, 0% used [0x00000000e5d00000,0x00000000e5d00000,0x00000000e7b00000)
 ParOldGen       total 103424K, used 57577K [0x00000000a0000000, 0x00000000a6500000, 0x00000000e0000000)
  object space 103424K, 55% used [0x00000000a0000000,0x00000000a383a4d8,0x00000000a6500000)
 Metaspace       used 108196K, capacity 126573K, committed 126744K, reserved 1161216K
  class space    used 14765K, capacity 15872K, committed 15920K, reserved 1048576K
}
Event: 353.989 GC heap before
{Heap before GC invocations=82 (full 4):
 PSYoungGen      total 95232K, used 95206K [0x00000000e0000000, 0x00000000e8600000, 0x0000000100000000)
  eden space 58880K, 100% used [0x00000000e0000000,0x00000000e3980000,0x00000000e3980000)
  from space 36352K, 99% used [0x00000000e3980000,0x00000000e5cf9a00,0x00000000e5d00000)
  to   space 30720K, 0% used [0x00000000e5d00000,0x00000000e5d00000,0x00000000e7b00000)
 ParOldGen       total 103424K, used 57577K [0x00000000a0000000, 0x00000000a6500000, 0x00000000e0000000)
  object space 103424K, 55% used [0x00000000a0000000,0x00000000a383a4d8,0x00000000a6500000)
 Metaspace       used 111371K, capacity 130089K, committed 130328K, reserved 1163264K
  class space    used 15186K, capacity 16324K, committed 16432K, reserved 1048576K
Event: 354.021 GC heap after
Heap after GC invocations=82 (full 4):
 PSYoungGen      total 89600K, used 30707K [0x00000000e0000000, 0x00000000e8600000, 0x0000000100000000)
  eden space 58880K, 0% used [0x00000000e0000000,0x00000000e0000000,0x00000000e3980000)
  from space 30720K, 99% used [0x00000000e5d00000,0x00000000e7afcdf0,0x00000000e7b00000)
  to   space 36352K, 0% used [0x00000000e3980000,0x00000000e3980000,0x00000000e5d00000)
 ParOldGen       total 103424K, used 69299K [0x00000000a0000000, 0x00000000a6500000, 0x00000000e0000000)
  object space 103424K, 67% used [0x00000000a0000000,0x00000000a43acd68,0x00000000a6500000)
 Metaspace       used 111371K, capacity 130089K, committed 130328K, reserved 1163264K
  class space    used 15186K, capacity 16324K, committed 16432K, reserved 1048576K
}
Event: 354.515 GC heap before
{Heap before GC invocations=83 (full 4):
 PSYoungGen      total 89600K, used 89587K [0x00000000e0000000, 0x00000000e8600000, 0x0000000100000000)
  eden space 58880K, 100% used [0x00000000e0000000,0x00000000e3980000,0x00000000e3980000)
  from space 30720K, 99% used [0x00000000e5d00000,0x00000000e7afcdf0,0x00000000e7b00000)
  to   space 36352K, 0% used [0x00000000e3980000,0x00000000e3980000,0x00000000e5d00000)
 ParOldGen       total 103424K, used 69299K [0x00000000a0000000, 0x00000000a6500000, 0x00000000e0000000)
  object space 103424K, 67% used [0x00000000a0000000,0x00000000a43acd68,0x00000000a6500000)
 Metaspace       used 113174K, capacity 132145K, committed 132376K, reserved 1165312K
  class space    used 15449K, capacity 16576K, committed 16688K, reserved 1048576K
Event: 354.552 GC heap after
Heap after GC invocations=83 (full 4):
 PSYoungGen      total 95232K, used 34148K [0x00000000e0000000, 0x00000000e8600000, 0x0000000100000000)
  eden space 58880K, 0% used [0x00000000e0000000,0x00000000e0000000,0x00000000e3980000)
  from space 36352K, 93% used [0x00000000e3980000,0x00000000e5ad9328,0x00000000e5d00000)
  to   space 30720K, 0% used [0x00000000e5d00000,0x00000000e5d00000,0x00000000e7b00000)
 ParOldGen       total 103424K, used 70385K [0x00000000a0000000, 0x00000000a6500000, 0x00000000e0000000)
  object space 103424K, 68% used [0x00000000a0000000,0x00000000a44bc6d8,0x00000000a6500000)
 Metaspace       used 113174K, capacity 132145K, committed 132376K, reserved 1165312K
  class space    used 15449K, capacity 16576K, committed 16688K, reserved 1048576K
}

