# JRE version: Java(TM) SE Runtime Environment (8.0_131-b11) (build 1.8.0_131-b11)
# Java VM: Java HotSpot(TM) 64-Bit Server VM (25.131-b11 mixed mode windows-amd64 compressed oops)
Heap:
 PSYoungGen      total 315392K, used 120586K [0x00000000eab00000, 0x0000000100000000, 0x0000000100000000)
  eden space 282624K, 31% used [0x00000000eab00000,0x00000000f00f8650,0x00000000fbf00000)
  from space 32768K, 99% used [0x00000000fbf00000,0x00000000fdeca390,0x00000000fdf00000)
  to   space 33792K, 0% used [0x00000000fdf00000,0x00000000fdf00000,0x0000000100000000)
 ParOldGen       total 699392K, used 50233K [0x00000000c0000000, 0x00000000eab00000, 0x00000000eab00000)
  object space 699392K, 7% used [0x00000000c0000000,0x00000000c310e5d0,0x00000000eab00000)
 Metaspace       used 130232K, capacity 150565K, committed 150844K, reserved 1179648K
  class space    used 18540K, capacity 19732K, committed 19800K, reserved 1048576K
GC Heap History (10 events):
Event: 14.118 GC heap before
{Heap before GC invocations=9 (full 3):
 PSYoungGen      total 305664K, used 281012K [0x00000000eab00000, 0x0000000100000000, 0x0000000100000000)
  eden space 262144K, 100% used [0x00000000eab00000,0x00000000fab00000,0x00000000fab00000)
  from space 43520K, 43% used [0x00000000fab00000,0x00000000fbd6d348,0x00000000fd580000)
  to   space 31232K, 0% used [0x00000000fe180000,0x00000000fe180000,0x0000000100000000)
 ParOldGen       total 699392K, used 35177K [0x00000000c0000000, 0x00000000eab00000, 0x00000000eab00000)
  object space 699392K, 5% used [0x00000000c0000000,0x00000000c225a6d8,0x00000000eab00000)
 Metaspace       used 79991K, capacity 92251K, committed 92348K, reserved 1130496K
  class space    used 11197K, capacity 11907K, committed 11992K, reserved 1048576K
Event: 14.193 GC heap after
Heap after GC invocations=9 (full 3):
 PSYoungGen      total 316928K, used 21047K [0x00000000eab00000, 0x0000000100000000, 0x0000000100000000)
  eden space 285696K, 0% used [0x00000000eab00000,0x00000000eab00000,0x00000000fc200000)
  from space 31232K, 67% used [0x00000000fe180000,0x00000000ff60dc70,0x0000000100000000)
  to   space 31744K, 0% used [0x00000000fc200000,0x00000000fc200000,0x00000000fe100000)
 ParOldGen       total 699392K, used 35193K [0x00000000c0000000, 0x00000000eab00000, 0x00000000eab00000)
  object space 699392K, 5% used [0x00000000c0000000,0x00000000c225e6d8,0x00000000eab00000)
 Metaspace       used 79991K, capacity 92251K, committed 92348K, reserved 1130496K
  class space    used 11197K, capacity 11907K, committed 11992K, reserved 1048576K
}
Event: 15.358 GC heap before
{Heap before GC invocations=10 (full 3):
 PSYoungGen      total 316928K, used 109802K [0x00000000eab00000, 0x0000000100000000, 0x0000000100000000)
  eden space 285696K, 31% used [0x00000000eab00000,0x00000000f01acd88,0x00000000fc200000)
  from space 31232K, 67% used [0x00000000fe180000,0x00000000ff60dc70,0x0000000100000000)
  to   space 31744K, 0% used [0x00000000fc200000,0x00000000fc200000,0x00000000fe100000)
 ParOldGen       total 699392K, used 35193K [0x00000000c0000000, 0x00000000eab00000, 0x00000000eab00000)
  object space 699392K, 5% used [0x00000000c0000000,0x00000000c225e6d8,0x00000000eab00000)
 Metaspace       used 84723K, capacity 99123K, committed 99260K, reserved 1136640K
  class space    used 12084K, capacity 12943K, committed 13016K, reserved 1048576K
Event: 15.414 GC heap after
Heap after GC invocations=10 (full 3):
 PSYoungGen      total 310784K, used 24723K [0x00000000eab00000, 0x0000000100000000, 0x0000000100000000)
  eden space 285696K, 0% used [0x00000000eab00000,0x00000000eab00000,0x00000000fc200000)
  from space 25088K, 98% used [0x00000000fc200000,0x00000000fda24c10,0x00000000fda80000)
  to   space 33792K, 0% used [0x00000000fdf00000,0x00000000fdf00000,0x0000000100000000)
 ParOldGen       total 699392K, used 35209K [0x00000000c0000000, 0x00000000eab00000, 0x00000000eab00000)
  object space 699392K, 5% used [0x00000000c0000000,0x00000000c22626d8,0x00000000eab00000)
 Metaspace       used 84723K, capacity 99123K, committed 99260K, reserved 1136640K
  class space    used 12084K, capacity 12943K, committed 13016K, reserved 1048576K
}
Event: 15.415 GC heap before
{Heap before GC invocations=11 (full 4):
 PSYoungGen      total 310784K, used 24723K [0x00000000eab00000, 0x0000000100000000, 0x0000000100000000)
  eden space 285696K, 0% used [0x00000000eab00000,0x00000000eab00000,0x00000000fc200000)
  from space 25088K, 98% used [0x00000000fc200000,0x00000000fda24c10,0x00000000fda80000)
  to   space 33792K, 0% used [0x00000000fdf00000,0x00000000fdf00000,0x0000000100000000)
 ParOldGen       total 699392K, used 35209K [0x00000000c0000000, 0x00000000eab00000, 0x00000000eab00000)
  object space 699392K, 5% used [0x00000000c0000000,0x00000000c22626d8,0x00000000eab00000)
 Metaspace       used 84723K, capacity 99123K, committed 99260K, reserved 1136640K
  class space    used 12084K, capacity 12943K, committed 13016K, reserved 1048576K
Event: 16.316 GC heap after
Heap after GC invocations=11 (full 4):
 PSYoungGen      total 310784K, used 0K [0x00000000eab00000, 0x0000000100000000, 0x0000000100000000)
  eden space 285696K, 0% used [0x00000000eab00000,0x00000000eab00000,0x00000000fc200000)
  from space 25088K, 0% used [0x00000000fc200000,0x00000000fc200000,0x00000000fda80000)
  to   space 33792K, 0% used [0x00000000fdf00000,0x00000000fdf00000,0x0000000100000000)
 ParOldGen       total 699392K, used 50169K [0x00000000c0000000, 0x00000000eab00000, 0x00000000eab00000)
  object space 699392K, 7% used [0x00000000c0000000,0x00000000c30fe5d0,0x00000000eab00000)
 Metaspace       used 84170K, capacity 97983K, committed 99260K, reserved 1136640K
  class space    used 11903K, capacity 12730K, committed 13016K, reserved 1048576K
}
Event: 21.338 GC heap before
{Heap before GC invocations=12 (full 4):
 PSYoungGen      total 310784K, used 285696K [0x00000000eab00000, 0x0000000100000000, 0x0000000100000000)
  eden space 285696K, 100% used [0x00000000eab00000,0x00000000fc200000,0x00000000fc200000)
  from space 25088K, 0% used [0x00000000fc200000,0x00000000fc200000,0x00000000fda80000)
  to   space 33792K, 0% used [0x00000000fdf00000,0x00000000fdf00000,0x0000000100000000)
 ParOldGen       total 699392K, used 50169K [0x00000000c0000000, 0x00000000eab00000, 0x00000000eab00000)
  object space 699392K, 7% used [0x00000000c0000000,0x00000000c30fe5d0,0x00000000eab00000)
 Metaspace       used 94620K, capacity 111679K, committed 111932K, reserved 1146880K
  class space    used 13686K, capacity 14646K, committed 14680K, reserved 1048576K
Event: 21.354 GC heap after
Heap after GC invocations=12 (full 4):
 PSYoungGen      total 316416K, used 12843K [0x00000000eab00000, 0x0000000100000000, 0x0000000100000000)
  eden space 282624K, 0% used [0x00000000eab00000,0x00000000eab00000,0x00000000fbf00000)
  from space 33792K, 38% used [0x00000000fdf00000,0x00000000feb8ae08,0x0000000100000000)
  to   space 32768K, 0% used [0x00000000fbf00000,0x00000000fbf00000,0x00000000fdf00000)
 ParOldGen       total 699392K, used 50193K [0x00000000c0000000, 0x00000000eab00000, 0x00000000eab00000)
  object space 699392K, 7% used [0x00000000c0000000,0x00000000c31045d0,0x00000000eab00000)
 Metaspace       used 94620K, capacity 111679K, committed 111932K, reserved 1146880K
  class space    used 13686K, capacity 14646K, committed 14680K, reserved 1048576K
}
Event: 24.478 GC heap before
{Heap before GC invocations=13 (full 4):
 PSYoungGen      total 316416K, used 295467K [0x00000000eab00000, 0x0000000100000000, 0x0000000100000000)
  eden space 282624K, 100% used [0x00000000eab00000,0x00000000fbf00000,0x00000000fbf00000)
  from space 33792K, 38% used [0x00000000fdf00000,0x00000000feb8ae08,0x0000000100000000)
  to   space 32768K, 0% used [0x00000000fbf00000,0x00000000fbf00000,0x00000000fdf00000)
 ParOldGen       total 699392K, used 50193K [0x00000000c0000000, 0x00000000eab00000, 0x00000000eab00000)
  object space 699392K, 7% used [0x00000000c0000000,0x00000000c31045d0,0x00000000eab00000)
 Metaspace       used 117035K, capacity 135699K, committed 135740K, reserved 1167360K
  class space    used 16873K, capacity 17974K, committed 18008K, reserved 1048576K
Event: 24.533 GC heap after
Heap after GC invocations=13 (full 4):
 PSYoungGen      total 315392K, used 32552K [0x00000000eab00000, 0x0000000100000000, 0x0000000100000000)
  eden space 282624K, 0% used [0x00000000eab00000,0x00000000eab00000,0x00000000fbf00000)
  from space 32768K, 99% used [0x00000000fbf00000,0x00000000fdeca390,0x00000000fdf00000)
  to   space 33792K, 0% used [0x00000000fdf00000,0x00000000fdf00000,0x0000000100000000)
 ParOldGen       total 699392K, used 50233K [0x00000000c0000000, 0x00000000eab00000, 0x00000000eab00000)
  object space 699392K, 7% used [0x00000000c0000000,0x00000000c310e5d0,0x00000000eab00000)
 Metaspace       used 117035K, capacity 135699K, committed 135740K, reserved 1167360K
  class space    used 16873K, capacity 17974K, committed 18008K, reserved 1048576K
}

